warn: POST /api/authenticates 404 18ms {"meta":{"req":{"headers":{"accept":"*/*","content-length":"68","content-type":"application/json","host":"127.0.0.1:8088","user-agent":"insomnia/2021.5.3"},"httpVersion":"1.1","method":"POST","originalUrl":"/api/authenticates","query":{},"url":"/api/authenticates"},"res":{"statusCode":404},"responseTime":18}}
warn: POST /api/authenticate 404 15ms {"meta":{"req":{"headers":{"accept":"*/*","content-length":"68","content-type":"application/json","host":"127.0.0.1:8088","user-agent":"insomnia/2021.5.3"},"httpVersion":"1.1","method":"POST","originalUrl":"/api/authenticate","query":{},"url":"/api/authenticate"},"res":{"statusCode":404},"responseTime":15}}
warn: GET /api 404 6ms {"meta":{"req":{"headers":{"accept":"text/html,application/xhtml+xml,application/xml;q=0.9,image/webp,image/apng,*/*;q=0.8,application/signed-exchange;v=b3;q=0.9","accept-encoding":"gzip, deflate, br","accept-language":"pt-BR,pt;q=0.9,en;q=0.8,en-GB;q=0.7,en-US;q=0.6","connection":"keep-alive","host":"localhost:8088","sec-ch-ua":"\"Chromium\";v=\"94\", \"Microsoft Edge\";v=\"94\", \";Not A Brand\";v=\"99\"","sec-ch-ua-mobile":"?0","sec-ch-ua-platform":"\"Windows\"","sec-fetch-dest":"document","sec-fetch-mode":"navigate","sec-fetch-site":"none","sec-fetch-user":"?1","upgrade-insecure-requests":"1","user-agent":"Mozilla/5.0 (Windows NT 10.0; Win64; x64) AppleWebKit/537.36 (KHTML, like Gecko) Chrome/94.0.4606.61 Safari/537.36 Edg/94.0.992.31"},"httpVersion":"1.1","method":"GET","originalUrl":"/api","query":{},"url":"/api"},"res":{"statusCode":404},"responseTime":6}}
warn: GET /api 404 2ms {"meta":{"req":{"headers":{"accept":"text/html,application/xhtml+xml,application/xml;q=0.9,image/webp,image/apng,*/*;q=0.8,application/signed-exchange;v=b3;q=0.9","accept-encoding":"gzip, deflate, br","accept-language":"pt-BR,pt;q=0.9,en;q=0.8,en-GB;q=0.7,en-US;q=0.6","cache-control":"no-cache","connection":"keep-alive","host":"localhost:8088","pragma":"no-cache","sec-ch-ua":"\"Chromium\";v=\"94\", \"Microsoft Edge\";v=\"94\", \";Not A Brand\";v=\"99\"","sec-ch-ua-mobile":"?0","sec-ch-ua-platform":"\"Windows\"","sec-fetch-dest":"document","sec-fetch-mode":"navigate","sec-fetch-site":"none","sec-fetch-user":"?1","upgrade-insecure-requests":"1","user-agent":"Mozilla/5.0 (Windows NT 10.0; Win64; x64) AppleWebKit/537.36 (KHTML, like Gecko) Chrome/94.0.4606.61 Safari/537.36 Edg/94.0.992.31"},"httpVersion":"1.1","method":"GET","originalUrl":"/api","query":{},"url":"/api"},"res":{"statusCode":404},"responseTime":2}}
warn: POST /api/authenticate 401 125ms {"meta":{"req":{"headers":{"accept":"*/*","content-length":"68","content-type":"application/json","host":"127.0.0.1:8088","user-agent":"insomnia/2021.5.3"},"httpVersion":"1.1","method":"POST","originalUrl":"/api/authenticate","query":{},"url":"/api/authenticate"},"res":{"statusCode":401},"responseTime":125}}
error: uncaughtException: Unexpected token '}'
C:\Users\vinicius.pereira\OneDrive - Processor\Documentos\Programacao2\chat_fullstack_node_vue\backend\src\controllers\user.controller.js:60
            }
            ^

SyntaxError: Unexpected token '}'
    at wrapSafe (internal/modules/cjs/loader.js:979:16)
    at Module._compile (internal/modules/cjs/loader.js:1027:27)
    at Object.Module._extensions..js (internal/modules/cjs/loader.js:1092:10)
    at Module.load (internal/modules/cjs/loader.js:928:32)
    at Function.Module._load (internal/modules/cjs/loader.js:769:14)
    at Module.require (internal/modules/cjs/loader.js:952:19)
    at require (internal/modules/cjs/helpers.js:88:18)
    at Object.<anonymous> (C:\Users\vinicius.pereira\OneDrive - Processor\Documentos\Programacao2\chat_fullstack_node_vue\backend\src\routes\index.js:5:24)
    at Module._compile (internal/modules/cjs/loader.js:1063:30)
    at Object.Module._extensions..js (internal/modules/cjs/loader.js:1092:10) {"date":"Thu Sep 30 2021 00:48:20 GMT-0300 (Horário Padrão de Brasília)","error":{},"exception":true,"os":{"loadavg":[0,0,0],"uptime":146701},"process":{"argv":["C:\\Program Files\\nodejs\\node.exe","C:\\Users\\vinicius.pereira\\OneDrive - Processor\\Documentos\\Programacao2\\chat_fullstack_node_vue\\backend\\src\\server.js"],"cwd":"C:\\Users\\vinicius.pereira\\OneDrive - Processor\\Documentos\\Programacao2\\chat_fullstack_node_vue\\backend","execPath":"C:\\Program Files\\nodejs\\node.exe","gid":null,"memoryUsage":{"arrayBuffers":18951228,"external":20515467,"heapTotal":34324480,"heapUsed":21554448,"rss":59179008},"pid":15280,"uid":null,"version":"v14.16.1"},"stack":"C:\\Users\\vinicius.pereira\\OneDrive - Processor\\Documentos\\Programacao2\\chat_fullstack_node_vue\\backend\\src\\controllers\\user.controller.js:60\n            }\n            ^\n\nSyntaxError: Unexpected token '}'\n    at wrapSafe (internal/modules/cjs/loader.js:979:16)\n    at Module._compile (internal/modules/cjs/loader.js:1027:27)\n    at Object.Module._extensions..js (internal/modules/cjs/loader.js:1092:10)\n    at Module.load (internal/modules/cjs/loader.js:928:32)\n    at Function.Module._load (internal/modules/cjs/loader.js:769:14)\n    at Module.require (internal/modules/cjs/loader.js:952:19)\n    at require (internal/modules/cjs/helpers.js:88:18)\n    at Object.<anonymous> (C:\\Users\\vinicius.pereira\\OneDrive - Processor\\Documentos\\Programacao2\\chat_fullstack_node_vue\\backend\\src\\routes\\index.js:5:24)\n    at Module._compile (internal/modules/cjs/loader.js:1063:30)\n    at Object.Module._extensions..js (internal/modules/cjs/loader.js:1092:10)","trace":[{"column":16,"file":"internal/modules/cjs/loader.js","function":"wrapSafe","line":979,"method":null,"native":false},{"column":27,"file":"internal/modules/cjs/loader.js","function":"Module._compile","line":1027,"method":"_compile","native":false},{"column":10,"file":"internal/modules/cjs/loader.js","function":"Module._extensions..js","line":1092,"method":".js","native":false},{"column":32,"file":"internal/modules/cjs/loader.js","function":"Module.load","line":928,"method":"load","native":false},{"column":14,"file":"internal/modules/cjs/loader.js","function":"Module._load","line":769,"method":"_load","native":false},{"column":19,"file":"internal/modules/cjs/loader.js","function":"Module.require","line":952,"method":"require","native":false},{"column":18,"file":"internal/modules/cjs/helpers.js","function":"require","line":88,"method":null,"native":false},{"column":24,"file":"C:\\Users\\vinicius.pereira\\OneDrive - Processor\\Documentos\\Programacao2\\chat_fullstack_node_vue\\backend\\src\\routes\\index.js","function":null,"line":5,"method":null,"native":false},{"column":30,"file":"internal/modules/cjs/loader.js","function":"Module._compile","line":1063,"method":"_compile","native":false},{"column":10,"file":"internal/modules/cjs/loader.js","function":"Module._extensions..js","line":1092,"method":".js","native":false}]}
error: uncaughtException: Unexpected token '('
C:\Users\vinicius.pereira\OneDrive - Processor\Documentos\Programacao2\chat_fullstack_node_vue\backend\src\controllers\user.controller.js:58
                const token = jwt.sign({}, {(String({id:user._id, {}}))})
                                            ^

SyntaxError: Unexpected token '('
    at wrapSafe (internal/modules/cjs/loader.js:979:16)
    at Module._compile (internal/modules/cjs/loader.js:1027:27)
    at Object.Module._extensions..js (internal/modules/cjs/loader.js:1092:10)
    at Module.load (internal/modules/cjs/loader.js:928:32)
    at Function.Module._load (internal/modules/cjs/loader.js:769:14)
    at Module.require (internal/modules/cjs/loader.js:952:19)
    at require (internal/modules/cjs/helpers.js:88:18)
    at Object.<anonymous> (C:\Users\vinicius.pereira\OneDrive - Processor\Documentos\Programacao2\chat_fullstack_node_vue\backend\src\routes\index.js:5:24)
    at Module._compile (internal/modules/cjs/loader.js:1063:30)
    at Object.Module._extensions..js (internal/modules/cjs/loader.js:1092:10) {"date":"Thu Sep 30 2021 00:50:34 GMT-0300 (Horário Padrão de Brasília)","error":{},"exception":true,"os":{"loadavg":[0,0,0],"uptime":146834},"process":{"argv":["C:\\Program Files\\nodejs\\node.exe","C:\\Users\\vinicius.pereira\\OneDrive - Processor\\Documentos\\Programacao2\\chat_fullstack_node_vue\\backend\\src\\server.js"],"cwd":"C:\\Users\\vinicius.pereira\\OneDrive - Processor\\Documentos\\Programacao2\\chat_fullstack_node_vue\\backend","execPath":"C:\\Program Files\\nodejs\\node.exe","gid":null,"memoryUsage":{"arrayBuffers":18957727,"external":20521966,"heapTotal":34062336,"heapUsed":21690024,"rss":58978304},"pid":6484,"uid":null,"version":"v14.16.1"},"stack":"C:\\Users\\vinicius.pereira\\OneDrive - Processor\\Documentos\\Programacao2\\chat_fullstack_node_vue\\backend\\src\\controllers\\user.controller.js:58\n                const token = jwt.sign({}, {(String({id:user._id, {}}))})\n                                            ^\n\nSyntaxError: Unexpected token '('\n    at wrapSafe (internal/modules/cjs/loader.js:979:16)\n    at Module._compile (internal/modules/cjs/loader.js:1027:27)\n    at Object.Module._extensions..js (internal/modules/cjs/loader.js:1092:10)\n    at Module.load (internal/modules/cjs/loader.js:928:32)\n    at Function.Module._load (internal/modules/cjs/loader.js:769:14)\n    at Module.require (internal/modules/cjs/loader.js:952:19)\n    at require (internal/modules/cjs/helpers.js:88:18)\n    at Object.<anonymous> (C:\\Users\\vinicius.pereira\\OneDrive - Processor\\Documentos\\Programacao2\\chat_fullstack_node_vue\\backend\\src\\routes\\index.js:5:24)\n    at Module._compile (internal/modules/cjs/loader.js:1063:30)\n    at Object.Module._extensions..js (internal/modules/cjs/loader.js:1092:10)","trace":[{"column":16,"file":"internal/modules/cjs/loader.js","function":"wrapSafe","line":979,"method":null,"native":false},{"column":27,"file":"internal/modules/cjs/loader.js","function":"Module._compile","line":1027,"method":"_compile","native":false},{"column":10,"file":"internal/modules/cjs/loader.js","function":"Module._extensions..js","line":1092,"method":".js","native":false},{"column":32,"file":"internal/modules/cjs/loader.js","function":"Module.load","line":928,"method":"load","native":false},{"column":14,"file":"internal/modules/cjs/loader.js","function":"Module._load","line":769,"method":"_load","native":false},{"column":19,"file":"internal/modules/cjs/loader.js","function":"Module.require","line":952,"method":"require","native":false},{"column":18,"file":"internal/modules/cjs/helpers.js","function":"require","line":88,"method":null,"native":false},{"column":24,"file":"C:\\Users\\vinicius.pereira\\OneDrive - Processor\\Documentos\\Programacao2\\chat_fullstack_node_vue\\backend\\src\\routes\\index.js","function":null,"line":5,"method":null,"native":false},{"column":30,"file":"internal/modules/cjs/loader.js","function":"Module._compile","line":1063,"method":"_compile","native":false},{"column":10,"file":"internal/modules/cjs/loader.js","function":"Module._extensions..js","line":1092,"method":".js","native":false}]}
error: uncaughtException: Unexpected token '('
C:\Users\vinicius.pereira\OneDrive - Processor\Documentos\Programacao2\chat_fullstack_node_vue\backend\src\controllers\user.controller.js:58
                const token = jwt.sign({}, {(String(id:user._id))})
                                            ^

SyntaxError: Unexpected token '('
    at wrapSafe (internal/modules/cjs/loader.js:979:16)
    at Module._compile (internal/modules/cjs/loader.js:1027:27)
    at Object.Module._extensions..js (internal/modules/cjs/loader.js:1092:10)
    at Module.load (internal/modules/cjs/loader.js:928:32)
    at Function.Module._load (internal/modules/cjs/loader.js:769:14)
    at Module.require (internal/modules/cjs/loader.js:952:19)
    at require (internal/modules/cjs/helpers.js:88:18)
    at Object.<anonymous> (C:\Users\vinicius.pereira\OneDrive - Processor\Documentos\Programacao2\chat_fullstack_node_vue\backend\src\routes\index.js:5:24)
    at Module._compile (internal/modules/cjs/loader.js:1063:30)
    at Object.Module._extensions..js (internal/modules/cjs/loader.js:1092:10) {"date":"Thu Sep 30 2021 00:51:10 GMT-0300 (Horário Padrão de Brasília)","error":{},"exception":true,"os":{"loadavg":[0,0,0],"uptime":146870},"process":{"argv":["C:\\Program Files\\nodejs\\node.exe","C:\\Users\\vinicius.pereira\\OneDrive - Processor\\Documentos\\Programacao2\\chat_fullstack_node_vue\\backend\\src\\server.js"],"cwd":"C:\\Users\\vinicius.pereira\\OneDrive - Processor\\Documentos\\Programacao2\\chat_fullstack_node_vue\\backend","execPath":"C:\\Program Files\\nodejs\\node.exe","gid":null,"memoryUsage":{"arrayBuffers":18408654,"external":19972893,"heapTotal":34848768,"heapUsed":20698616,"rss":58626048},"pid":11360,"uid":null,"version":"v14.16.1"},"stack":"C:\\Users\\vinicius.pereira\\OneDrive - Processor\\Documentos\\Programacao2\\chat_fullstack_node_vue\\backend\\src\\controllers\\user.controller.js:58\n                const token = jwt.sign({}, {(String(id:user._id))})\n                                            ^\n\nSyntaxError: Unexpected token '('\n    at wrapSafe (internal/modules/cjs/loader.js:979:16)\n    at Module._compile (internal/modules/cjs/loader.js:1027:27)\n    at Object.Module._extensions..js (internal/modules/cjs/loader.js:1092:10)\n    at Module.load (internal/modules/cjs/loader.js:928:32)\n    at Function.Module._load (internal/modules/cjs/loader.js:769:14)\n    at Module.require (internal/modules/cjs/loader.js:952:19)\n    at require (internal/modules/cjs/helpers.js:88:18)\n    at Object.<anonymous> (C:\\Users\\vinicius.pereira\\OneDrive - Processor\\Documentos\\Programacao2\\chat_fullstack_node_vue\\backend\\src\\routes\\index.js:5:24)\n    at Module._compile (internal/modules/cjs/loader.js:1063:30)\n    at Object.Module._extensions..js (internal/modules/cjs/loader.js:1092:10)","trace":[{"column":16,"file":"internal/modules/cjs/loader.js","function":"wrapSafe","line":979,"method":null,"native":false},{"column":27,"file":"internal/modules/cjs/loader.js","function":"Module._compile","line":1027,"method":"_compile","native":false},{"column":10,"file":"internal/modules/cjs/loader.js","function":"Module._extensions..js","line":1092,"method":".js","native":false},{"column":32,"file":"internal/modules/cjs/loader.js","function":"Module.load","line":928,"method":"load","native":false},{"column":14,"file":"internal/modules/cjs/loader.js","function":"Module._load","line":769,"method":"_load","native":false},{"column":19,"file":"internal/modules/cjs/loader.js","function":"Module.require","line":952,"method":"require","native":false},{"column":18,"file":"internal/modules/cjs/helpers.js","function":"require","line":88,"method":null,"native":false},{"column":24,"file":"C:\\Users\\vinicius.pereira\\OneDrive - Processor\\Documentos\\Programacao2\\chat_fullstack_node_vue\\backend\\src\\routes\\index.js","function":null,"line":5,"method":null,"native":false},{"column":30,"file":"internal/modules/cjs/loader.js","function":"Module._compile","line":1063,"method":"_compile","native":false},{"column":10,"file":"internal/modules/cjs/loader.js","function":"Module._extensions..js","line":1092,"method":".js","native":false}]}
error: uncaughtException: Unexpected token '('
C:\Users\vinicius.pereira\OneDrive - Processor\Documentos\Programacao2\chat_fullstack_node_vue\backend\src\controllers\user.controller.js:58
                const token = jwt.sign({}, {(String(id:user._id))}, {})
                                            ^

SyntaxError: Unexpected token '('
    at wrapSafe (internal/modules/cjs/loader.js:979:16)
    at Module._compile (internal/modules/cjs/loader.js:1027:27)
    at Object.Module._extensions..js (internal/modules/cjs/loader.js:1092:10)
    at Module.load (internal/modules/cjs/loader.js:928:32)
    at Function.Module._load (internal/modules/cjs/loader.js:769:14)
    at Module.require (internal/modules/cjs/loader.js:952:19)
    at require (internal/modules/cjs/helpers.js:88:18)
    at Object.<anonymous> (C:\Users\vinicius.pereira\OneDrive - Processor\Documentos\Programacao2\chat_fullstack_node_vue\backend\src\routes\index.js:5:24)
    at Module._compile (internal/modules/cjs/loader.js:1063:30)
    at Object.Module._extensions..js (internal/modules/cjs/loader.js:1092:10) {"date":"Thu Sep 30 2021 00:51:25 GMT-0300 (Horário Padrão de Brasília)","error":{},"exception":true,"os":{"loadavg":[0,0,0],"uptime":146886},"process":{"argv":["C:\\Program Files\\nodejs\\node.exe","C:\\Users\\vinicius.pereira\\OneDrive - Processor\\Documentos\\Programacao2\\chat_fullstack_node_vue\\backend\\src\\server.js"],"cwd":"C:\\Users\\vinicius.pereira\\OneDrive - Processor\\Documentos\\Programacao2\\chat_fullstack_node_vue\\backend","execPath":"C:\\Program Files\\nodejs\\node.exe","gid":null,"memoryUsage":{"arrayBuffers":18376667,"external":19940906,"heapTotal":34840576,"heapUsed":21586488,"rss":58679296},"pid":5016,"uid":null,"version":"v14.16.1"},"stack":"C:\\Users\\vinicius.pereira\\OneDrive - Processor\\Documentos\\Programacao2\\chat_fullstack_node_vue\\backend\\src\\controllers\\user.controller.js:58\n                const token = jwt.sign({}, {(String(id:user._id))}, {})\n                                            ^\n\nSyntaxError: Unexpected token '('\n    at wrapSafe (internal/modules/cjs/loader.js:979:16)\n    at Module._compile (internal/modules/cjs/loader.js:1027:27)\n    at Object.Module._extensions..js (internal/modules/cjs/loader.js:1092:10)\n    at Module.load (internal/modules/cjs/loader.js:928:32)\n    at Function.Module._load (internal/modules/cjs/loader.js:769:14)\n    at Module.require (internal/modules/cjs/loader.js:952:19)\n    at require (internal/modules/cjs/helpers.js:88:18)\n    at Object.<anonymous> (C:\\Users\\vinicius.pereira\\OneDrive - Processor\\Documentos\\Programacao2\\chat_fullstack_node_vue\\backend\\src\\routes\\index.js:5:24)\n    at Module._compile (internal/modules/cjs/loader.js:1063:30)\n    at Object.Module._extensions..js (internal/modules/cjs/loader.js:1092:10)","trace":[{"column":16,"file":"internal/modules/cjs/loader.js","function":"wrapSafe","line":979,"method":null,"native":false},{"column":27,"file":"internal/modules/cjs/loader.js","function":"Module._compile","line":1027,"method":"_compile","native":false},{"column":10,"file":"internal/modules/cjs/loader.js","function":"Module._extensions..js","line":1092,"method":".js","native":false},{"column":32,"file":"internal/modules/cjs/loader.js","function":"Module.load","line":928,"method":"load","native":false},{"column":14,"file":"internal/modules/cjs/loader.js","function":"Module._load","line":769,"method":"_load","native":false},{"column":19,"file":"internal/modules/cjs/loader.js","function":"Module.require","line":952,"method":"require","native":false},{"column":18,"file":"internal/modules/cjs/helpers.js","function":"require","line":88,"method":null,"native":false},{"column":24,"file":"C:\\Users\\vinicius.pereira\\OneDrive - Processor\\Documentos\\Programacao2\\chat_fullstack_node_vue\\backend\\src\\routes\\index.js","function":null,"line":5,"method":null,"native":false},{"column":30,"file":"internal/modules/cjs/loader.js","function":"Module._compile","line":1063,"method":"_compile","native":false},{"column":10,"file":"internal/modules/cjs/loader.js","function":"Module._extensions..js","line":1092,"method":".js","native":false}]}
error: uncaughtException: Unexpected token '('
C:\Users\vinicius.pereira\OneDrive - Processor\Documentos\Programacao2\chat_fullstack_node_vue\backend\src\controllers\user.controller.js:58
                const token = jwt.sign({}, {(Object(String()))}, {})
                                            ^

SyntaxError: Unexpected token '('
    at wrapSafe (internal/modules/cjs/loader.js:979:16)
    at Module._compile (internal/modules/cjs/loader.js:1027:27)
    at Object.Module._extensions..js (internal/modules/cjs/loader.js:1092:10)
    at Module.load (internal/modules/cjs/loader.js:928:32)
    at Function.Module._load (internal/modules/cjs/loader.js:769:14)
    at Module.require (internal/modules/cjs/loader.js:952:19)
    at require (internal/modules/cjs/helpers.js:88:18)
    at Object.<anonymous> (C:\Users\vinicius.pereira\OneDrive - Processor\Documentos\Programacao2\chat_fullstack_node_vue\backend\src\routes\index.js:5:24)
    at Module._compile (internal/modules/cjs/loader.js:1063:30)
    at Object.Module._extensions..js (internal/modules/cjs/loader.js:1092:10) {"date":"Thu Sep 30 2021 00:52:36 GMT-0300 (Horário Padrão de Brasília)","error":{},"exception":true,"os":{"loadavg":[0,0,0],"uptime":146957},"process":{"argv":["C:\\Program Files\\nodejs\\node.exe","C:\\Users\\vinicius.pereira\\OneDrive - Processor\\Documentos\\Programacao2\\chat_fullstack_node_vue\\backend\\src\\server.js"],"cwd":"C:\\Users\\vinicius.pereira\\OneDrive - Processor\\Documentos\\Programacao2\\chat_fullstack_node_vue\\backend","execPath":"C:\\Program Files\\nodejs\\node.exe","gid":null,"memoryUsage":{"arrayBuffers":18394616,"external":19958855,"heapTotal":34586624,"heapUsed":21464280,"rss":58523648},"pid":10972,"uid":null,"version":"v14.16.1"},"stack":"C:\\Users\\vinicius.pereira\\OneDrive - Processor\\Documentos\\Programacao2\\chat_fullstack_node_vue\\backend\\src\\controllers\\user.controller.js:58\n                const token = jwt.sign({}, {(Object(String()))}, {})\n                                            ^\n\nSyntaxError: Unexpected token '('\n    at wrapSafe (internal/modules/cjs/loader.js:979:16)\n    at Module._compile (internal/modules/cjs/loader.js:1027:27)\n    at Object.Module._extensions..js (internal/modules/cjs/loader.js:1092:10)\n    at Module.load (internal/modules/cjs/loader.js:928:32)\n    at Function.Module._load (internal/modules/cjs/loader.js:769:14)\n    at Module.require (internal/modules/cjs/loader.js:952:19)\n    at require (internal/modules/cjs/helpers.js:88:18)\n    at Object.<anonymous> (C:\\Users\\vinicius.pereira\\OneDrive - Processor\\Documentos\\Programacao2\\chat_fullstack_node_vue\\backend\\src\\routes\\index.js:5:24)\n    at Module._compile (internal/modules/cjs/loader.js:1063:30)\n    at Object.Module._extensions..js (internal/modules/cjs/loader.js:1092:10)","trace":[{"column":16,"file":"internal/modules/cjs/loader.js","function":"wrapSafe","line":979,"method":null,"native":false},{"column":27,"file":"internal/modules/cjs/loader.js","function":"Module._compile","line":1027,"method":"_compile","native":false},{"column":10,"file":"internal/modules/cjs/loader.js","function":"Module._extensions..js","line":1092,"method":".js","native":false},{"column":32,"file":"internal/modules/cjs/loader.js","function":"Module.load","line":928,"method":"load","native":false},{"column":14,"file":"internal/modules/cjs/loader.js","function":"Module._load","line":769,"method":"_load","native":false},{"column":19,"file":"internal/modules/cjs/loader.js","function":"Module.require","line":952,"method":"require","native":false},{"column":18,"file":"internal/modules/cjs/helpers.js","function":"require","line":88,"method":null,"native":false},{"column":24,"file":"C:\\Users\\vinicius.pereira\\OneDrive - Processor\\Documentos\\Programacao2\\chat_fullstack_node_vue\\backend\\src\\routes\\index.js","function":null,"line":5,"method":null,"native":false},{"column":30,"file":"internal/modules/cjs/loader.js","function":"Module._compile","line":1063,"method":"_compile","native":false},{"column":10,"file":"internal/modules/cjs/loader.js","function":"Module._extensions..js","line":1092,"method":".js","native":false}]}
error: uncaughtException: Unexpected token ','
C:\Users\vinicius.pereira\OneDrive - Processor\Documentos\Programacao2\chat_fullstack_node_vue\backend\src\controllers\user.controller.js:58
                const token = jwt.sign(, {})
                                       ^

SyntaxError: Unexpected token ','
    at wrapSafe (internal/modules/cjs/loader.js:979:16)
    at Module._compile (internal/modules/cjs/loader.js:1027:27)
    at Object.Module._extensions..js (internal/modules/cjs/loader.js:1092:10)
    at Module.load (internal/modules/cjs/loader.js:928:32)
    at Function.Module._load (internal/modules/cjs/loader.js:769:14)
    at Module.require (internal/modules/cjs/loader.js:952:19)
    at require (internal/modules/cjs/helpers.js:88:18)
    at Object.<anonymous> (C:\Users\vinicius.pereira\OneDrive - Processor\Documentos\Programacao2\chat_fullstack_node_vue\backend\src\routes\index.js:5:24)
    at Module._compile (internal/modules/cjs/loader.js:1063:30)
    at Object.Module._extensions..js (internal/modules/cjs/loader.js:1092:10) {"date":"Thu Sep 30 2021 00:52:43 GMT-0300 (Horário Padrão de Brasília)","error":{},"exception":true,"os":{"loadavg":[0,0,0],"uptime":146964},"process":{"argv":["C:\\Program Files\\nodejs\\node.exe","C:\\Users\\vinicius.pereira\\OneDrive - Processor\\Documentos\\Programacao2\\chat_fullstack_node_vue\\backend\\src\\server.js"],"cwd":"C:\\Users\\vinicius.pereira\\OneDrive - Processor\\Documentos\\Programacao2\\chat_fullstack_node_vue\\backend","execPath":"C:\\Program Files\\nodejs\\node.exe","gid":null,"memoryUsage":{"arrayBuffers":18382837,"external":19947076,"heapTotal":34586624,"heapUsed":21011768,"rss":58580992},"pid":3856,"uid":null,"version":"v14.16.1"},"stack":"C:\\Users\\vinicius.pereira\\OneDrive - Processor\\Documentos\\Programacao2\\chat_fullstack_node_vue\\backend\\src\\controllers\\user.controller.js:58\n                const token = jwt.sign(, {})\n                                       ^\n\nSyntaxError: Unexpected token ','\n    at wrapSafe (internal/modules/cjs/loader.js:979:16)\n    at Module._compile (internal/modules/cjs/loader.js:1027:27)\n    at Object.Module._extensions..js (internal/modules/cjs/loader.js:1092:10)\n    at Module.load (internal/modules/cjs/loader.js:928:32)\n    at Function.Module._load (internal/modules/cjs/loader.js:769:14)\n    at Module.require (internal/modules/cjs/loader.js:952:19)\n    at require (internal/modules/cjs/helpers.js:88:18)\n    at Object.<anonymous> (C:\\Users\\vinicius.pereira\\OneDrive - Processor\\Documentos\\Programacao2\\chat_fullstack_node_vue\\backend\\src\\routes\\index.js:5:24)\n    at Module._compile (internal/modules/cjs/loader.js:1063:30)\n    at Object.Module._extensions..js (internal/modules/cjs/loader.js:1092:10)","trace":[{"column":16,"file":"internal/modules/cjs/loader.js","function":"wrapSafe","line":979,"method":null,"native":false},{"column":27,"file":"internal/modules/cjs/loader.js","function":"Module._compile","line":1027,"method":"_compile","native":false},{"column":10,"file":"internal/modules/cjs/loader.js","function":"Module._extensions..js","line":1092,"method":".js","native":false},{"column":32,"file":"internal/modules/cjs/loader.js","function":"Module.load","line":928,"method":"load","native":false},{"column":14,"file":"internal/modules/cjs/loader.js","function":"Module._load","line":769,"method":"_load","native":false},{"column":19,"file":"internal/modules/cjs/loader.js","function":"Module.require","line":952,"method":"require","native":false},{"column":18,"file":"internal/modules/cjs/helpers.js","function":"require","line":88,"method":null,"native":false},{"column":24,"file":"C:\\Users\\vinicius.pereira\\OneDrive - Processor\\Documentos\\Programacao2\\chat_fullstack_node_vue\\backend\\src\\routes\\index.js","function":null,"line":5,"method":null,"native":false},{"column":30,"file":"internal/modules/cjs/loader.js","function":"Module._compile","line":1063,"method":"_compile","native":false},{"column":10,"file":"internal/modules/cjs/loader.js","function":"Module._extensions..js","line":1092,"method":".js","native":false}]}
